<?xml version="1.0" encoding="UTF-8"?>
<!-- Generated by org.testng.reporters.JUnitReportReporter -->
<testsuite hostname="NIMAY" failures="0" tests="1" name="com.vtiger.qa.TestCases.VerifyAccount" time="22.486" errors="0" timestamp="2023-03-19T14:50:41 IST" skipped="0">
  <testcase classname="com.vtiger.qa.TestCases.VerifyAccount" name="tcValidateAccountCreation" time="22.486"/>
  <system-out/>
</testsuite> <!-- com.vtiger.qa.TestCases.VerifyAccount -->
